Using pre-set license

 COMMAND LINE ARGUMENTS:
/Users/leekwunfung/Documents/Unity/2020.3.1f1/Unity.app/Contents/MacOS/Unity
-adb2
-batchMode
-noUpm
-name
AssetImportWorker0
-projectPath
/Volumes/APFS/Unity-Technologies-ml-imagesynthesis-2b2bce9c0fc3
-logFile
Logs/AssetImportWorker0.log
-srvPort
58830
Successfully changed project path to: /Volumes/APFS/Unity-Technologies-ml-imagesynthesis-2b2bce9c0fc3
/Volumes/APFS/Unity-Technologies-ml-imagesynthesis-2b2bce9c0fc3
Using Asset Import Pipeline V2.
Refreshing native plugins compatible for Editor in 75.59 ms, found 3 plugins.
Preloading 0 native plugins for Editor in 0.00 ms.
Initialize engine version: 2020.3.1f1 (77a89f25062f)
[Subsystems] Discovering subsystems at path /Users/leekwunfung/Documents/Unity/2020.3.1f1/Unity.app/Contents/Resources/UnitySubsystems
[Subsystems] Discovering subsystems at path /Volumes/APFS/Unity-Technologies-ml-imagesynthesis-2b2bce9c0fc3/Assets
GfxDevice: creating device client; threaded=0
2021-04-05 17:36:45.243 Unity[69691:2146387] Color LCD preferred device: Intel HD Graphics 4000 (low power)
2021-04-05 17:36:45.243 Unity[69691:2146387] Metal devices available: 1
2021-04-05 17:36:45.243 Unity[69691:2146387] 0: Intel HD Graphics 4000 (low power)
2021-04-05 17:36:45.245 Unity[69691:2146387] Using device Intel HD Graphics 4000 (low power)
Initializing Metal device caps: Intel HD Graphics 4000
Initialize mono
Mono path[0] = '/Users/leekwunfung/Documents/Unity/2020.3.1f1/Unity.app/Contents/Managed'
Mono path[1] = '/Users/leekwunfung/Documents/Unity/2020.3.1f1/Unity.app/Contents/MonoBleedingEdge/lib/mono/unityjit'
Mono config path = '/Users/leekwunfung/Documents/Unity/2020.3.1f1/Unity.app/Contents/MonoBleedingEdge/etc'
Using monoOptions --debugger-agent=transport=dt_socket,embedding=1,server=y,suspend=n,address=127.0.0.1:56691
Begin MonoManager ReloadAssembly
Registering precompiled unity dll's ...
Register platform support module: /Users/leekwunfung/Documents/Unity/2020.3.1f1/Unity.app/Contents/PlaybackEngines/MacStandaloneSupport/UnityEditor.OSXStandalone.Extensions.dll
Registered in 0.002422 seconds.
Native extension for OSXStandalone target not found
Refreshing native plugins compatible for Editor in 59.98 ms, found 3 plugins.
Preloading 0 native plugins for Editor in 0.00 ms.
Invoked RoslynAnalysisRunner static constructor.
RoslynAnalysisRunner will not be running.
RoslynAnalysisRunner has terminated.
Mono: successfully reloaded assembly
- Completed reload, in  4.381 seconds
Platform modules already initialized, skipping
Registering precompiled user dll's ...
Registered in 0.002638 seconds.
Begin MonoManager ReloadAssembly
Native extension for OSXStandalone target not found
Refreshing native plugins compatible for Editor in 0.54 ms, found 3 plugins.
Preloading 0 native plugins for Editor in 0.00 ms.
Invoked RoslynAnalysisRunner static constructor.
RoslynAnalysisRunner will not be running.
RoslynAnalysisRunner has terminated.
Mono: successfully reloaded assembly
- Completed reload, in  1.553 seconds
Platform modules already initialized, skipping
========================================================================
Worker process is ready to serve import requests
Launching external process: /Users/leekwunfung/Documents/Unity/2020.3.1f1/Unity.app/Contents/Tools/UnityShaderCompiler
Launched and connected shader compiler UnityShaderCompiler after 0.03 seconds
Refreshing native plugins compatible for Editor in 0.54 ms, found 3 plugins.
Preloading 0 native plugins for Editor in 0.00 ms.
Unloading 1172 Unused Serialized files (Serialized files now loaded: 0)
System memory in use before: 143.5 MB.
System memory in use after: 143.6 MB.

Unloading 16 unused Assets to reduce memory usage. Loaded Objects now: 1637.
Total: 3.611794 ms (FindLiveObjects: 0.263409 ms CreateObjectMapping: 0.129398 ms MarkObjects: 3.027612 ms  DeleteObjects: 0.188400 ms)

========================================================================
Received Import Request.
  path: Assets/Parkgarage/Prefabs/widnows/Window_B02/mesh/Materials/Window_B02.mat
  artifactKey: Guid(47b4cf004c7b8fd4088969b59dfbaccf) Importer(815301076,1909f56bfc062723c751e8b465ee728b)
Start importing Assets/Parkgarage/Prefabs/widnows/Window_B02/mesh/Materials/Window_B02.mat using Guid(47b4cf004c7b8fd4088969b59dfbaccf) Importer(815301076,1909f56bfc062723c751e8b465ee728b)  -> (artifact id: '8ee432dec3ae8917f9618569ab12e3c2') in 0.593549 seconds
  Import took 0.600574 seconds .

========================================================================
Received Import Request.
  Time since last request: 0.000366 seconds.
  path: Assets/Parkgarage/Prefabs/Tree/Materials/Wood.mat
  artifactKey: Guid(599266a049ff2d448b3ddd73a98f14c3) Importer(815301076,1909f56bfc062723c751e8b465ee728b)
Start importing Assets/Parkgarage/Prefabs/Tree/Materials/Wood.mat using Guid(599266a049ff2d448b3ddd73a98f14c3) Importer(815301076,1909f56bfc062723c751e8b465ee728b)  -> (artifact id: '08a811cb21ceb6495706ae2de6245c1a') in 0.384981 seconds
  Import took 0.389481 seconds .

========================================================================
Received Import Request.
  Time since last request: 0.000449 seconds.
  path: Assets/Parkgarage/Prefabs/parkgarage/Materials/Window_frames_A.mat
  artifactKey: Guid(895db3506e3664449ac47aed6c58653f) Importer(815301076,1909f56bfc062723c751e8b465ee728b)
Start importing Assets/Parkgarage/Prefabs/parkgarage/Materials/Window_frames_A.mat using Guid(895db3506e3664449ac47aed6c58653f) Importer(815301076,1909f56bfc062723c751e8b465ee728b)  -> (artifact id: '73af7d41ab9996ec3bd463e22c3f6b4d') in 0.039273 seconds
  Import took 0.043300 seconds .

========================================================================
Received Import Request.
  Time since last request: 0.000490 seconds.
  path: Assets/Parkgarage/Prefabs/bench/Materials/Wood.mat
  artifactKey: Guid(0c15ee18b3bde6a4fbdb44711a7b4bdf) Importer(815301076,1909f56bfc062723c751e8b465ee728b)
Start importing Assets/Parkgarage/Prefabs/bench/Materials/Wood.mat using Guid(0c15ee18b3bde6a4fbdb44711a7b4bdf) Importer(815301076,1909f56bfc062723c751e8b465ee728b)  -> (artifact id: 'aedaea0786de46f745c624c2167f031e') in 0.028153 seconds
  Import took 0.032526 seconds .

========================================================================
Received Import Request.
  Time since last request: 0.000344 seconds.
  path: Assets/Parkgarage/Prefabs/parkgarage/Materials/window_frames_B.mat
  artifactKey: Guid(d9c82c7ec74bc364b90c0902091423e3) Importer(815301076,1909f56bfc062723c751e8b465ee728b)
Start importing Assets/Parkgarage/Prefabs/parkgarage/Materials/window_frames_B.mat using Guid(d9c82c7ec74bc364b90c0902091423e3) Importer(815301076,1909f56bfc062723c751e8b465ee728b)  -> (artifact id: '5be689b6487261efcc2d5fdc1f9a9a2d') in 0.030087 seconds
  Import took 0.033874 seconds .

========================================================================
Received Import Request.
  Time since last request: 0.000350 seconds.
  path: Assets/Parkgarage/Prefabs/plants/Materials/Wood.mat
  artifactKey: Guid(c4ca8abeb4d3fdf47987209ae59ea105) Importer(815301076,1909f56bfc062723c751e8b465ee728b)
Start importing Assets/Parkgarage/Prefabs/plants/Materials/Wood.mat using Guid(c4ca8abeb4d3fdf47987209ae59ea105) Importer(815301076,1909f56bfc062723c751e8b465ee728b)  -> (artifact id: 'd93b06c03bfc49099d77eb5571ce7a54') in 0.020737 seconds
  Import took 0.024347 seconds .

========================================================================
Received Import Request.
  Time since last request: 231.242114 seconds.
  path: Assets/Parkgarage/Prefabs/parkgarage/Materials/Floor_up_wall.mat
  artifactKey: Guid(1cced0a0167e5fd46878078d941b725e) Importer(815301076,1909f56bfc062723c751e8b465ee728b)
Start importing Assets/Parkgarage/Prefabs/parkgarage/Materials/Floor_up_wall.mat using Guid(1cced0a0167e5fd46878078d941b725e) Importer(815301076,1909f56bfc062723c751e8b465ee728b)  -> (artifact id: 'ba7d1207426df9d7bac5124d1b716c4d') in 0.051869 seconds
  Import took 0.088794 seconds .

========================================================================
Received Import Request.
  Time since last request: 0.260644 seconds.
  path: Assets/Parkgarage/Prefabs/parkgarage/Materials/RoofTop_window.mat
  artifactKey: Guid(5105f3e5fc98fb84089b200f5b06f59d) Importer(815301076,1909f56bfc062723c751e8b465ee728b)
Start importing Assets/Parkgarage/Prefabs/parkgarage/Materials/RoofTop_window.mat using Guid(5105f3e5fc98fb84089b200f5b06f59d) Importer(815301076,1909f56bfc062723c751e8b465ee728b)  -> (artifact id: '659370f0869eff02dc2a3a534450b357') in 0.019518 seconds
  Import took 0.024679 seconds .

========================================================================
Received Import Request.
  Time since last request: 0.000391 seconds.
  path: Assets/Parkgarage/Prefabs/parkgarage/Materials/RoofTop_window_holder.mat
  artifactKey: Guid(1c75e93ba7dc0d9438242c4e3148715d) Importer(815301076,1909f56bfc062723c751e8b465ee728b)
Start importing Assets/Parkgarage/Prefabs/parkgarage/Materials/RoofTop_window_holder.mat using Guid(1c75e93ba7dc0d9438242c4e3148715d) Importer(815301076,1909f56bfc062723c751e8b465ee728b)  -> (artifact id: 'fed8bf8680e75560d79a13b29e2889eb') in 0.012778 seconds
  Import took 0.017286 seconds .

========================================================================
Received Import Request.
  Time since last request: 0.001041 seconds.
  path: Assets/Parkgarage/Prefabs/widnows/Materials/Window.mat
  artifactKey: Guid(87d5de20f2d71a24a9dfbcbf0a97516d) Importer(815301076,1909f56bfc062723c751e8b465ee728b)
Start importing Assets/Parkgarage/Prefabs/widnows/Materials/Window.mat using Guid(87d5de20f2d71a24a9dfbcbf0a97516d) Importer(815301076,1909f56bfc062723c751e8b465ee728b)  -> (artifact id: '35d8ab8bdd9e9ccbe2feba32ba5395a5') in 0.303268 seconds
  Import took 0.307189 seconds .

========================================================================
Received Import Request.
  Time since last request: 0.000357 seconds.
  path: Assets/Parkgarage/Prefabs/parkgarage/Materials/RoofTop_window_frame.mat
  artifactKey: Guid(9778c428b4e00624aa645ddc0ad715ae) Importer(815301076,1909f56bfc062723c751e8b465ee728b)
Start importing Assets/Parkgarage/Prefabs/parkgarage/Materials/RoofTop_window_frame.mat using Guid(9778c428b4e00624aa645ddc0ad715ae) Importer(815301076,1909f56bfc062723c751e8b465ee728b)  -> (artifact id: '1d704cde980de5e7e0f585e342b0b3ea') in 0.024623 seconds
  Import took 0.029134 seconds .

========================================================================
Received Import Request.
  Time since last request: 0.000473 seconds.
  path: Assets/Parkgarage/Prefabs/widnows/window_A/mesh/Materials/Window_A.mat
  artifactKey: Guid(90da8cdb71c4f2f43a3bf602078d8fd2) Importer(815301076,1909f56bfc062723c751e8b465ee728b)
Start importing Assets/Parkgarage/Prefabs/widnows/window_A/mesh/Materials/Window_A.mat using Guid(90da8cdb71c4f2f43a3bf602078d8fd2) Importer(815301076,1909f56bfc062723c751e8b465ee728b)  -> (artifact id: '959f2ad77d4219cdf566bb0fdf667bb8') in 0.026617 seconds
  Import took 0.033313 seconds .

========================================================================
Received Prepare
Registering precompiled user dll's ...
Registered in 0.003738 seconds.
Begin MonoManager ReloadAssembly
Native extension for OSXStandalone target not found
Refreshing native plugins compatible for Editor in 0.52 ms, found 3 plugins.
Preloading 0 native plugins for Editor in 0.00 ms.
Invoked RoslynAnalysisRunner static constructor.
RoslynAnalysisRunner will not be running.
RoslynAnalysisRunner has terminated.
Mono: successfully reloaded assembly
- Completed reload, in  1.708 seconds
Platform modules already initialized, skipping
Refreshing native plugins compatible for Editor in 0.51 ms, found 3 plugins.
Preloading 0 native plugins for Editor in 0.00 ms.
Unloading 1159 Unused Serialized files (Serialized files now loaded: 0)
System memory in use before: 154.1 MB.
System memory in use after: 154.2 MB.

Unloading 11 unused Assets to reduce memory usage. Loaded Objects now: 1680.
Total: 2.821614 ms (FindLiveObjects: 0.392106 ms CreateObjectMapping: 0.132764 ms MarkObjects: 2.269287 ms  DeleteObjects: 0.023917 ms)

========================================================================
Received Prepare
Registering precompiled user dll's ...
Registered in 0.001108 seconds.
Begin MonoManager ReloadAssembly
Native extension for OSXStandalone target not found
Refreshing native plugins compatible for Editor in 0.75 ms, found 3 plugins.
Preloading 0 native plugins for Editor in 0.00 ms.
Invoked RoslynAnalysisRunner static constructor.
RoslynAnalysisRunner will not be running.
RoslynAnalysisRunner has terminated.
Mono: successfully reloaded assembly
- Completed reload, in  1.692 seconds
Platform modules already initialized, skipping
Refreshing native plugins compatible for Editor in 0.59 ms, found 3 plugins.
Preloading 0 native plugins for Editor in 0.00 ms.
Unloading 1159 Unused Serialized files (Serialized files now loaded: 0)
System memory in use before: 154.3 MB.
System memory in use after: 154.4 MB.

Unloading 11 unused Assets to reduce memory usage. Loaded Objects now: 1683.
Total: 3.251257 ms (FindLiveObjects: 0.339159 ms CreateObjectMapping: 0.056817 ms MarkObjects: 2.827254 ms  DeleteObjects: 0.026119 ms)

========================================================================
Received Prepare
Registering precompiled user dll's ...
Registered in 0.003339 seconds.
Begin MonoManager ReloadAssembly
Native extension for OSXStandalone target not found
Refreshing native plugins compatible for Editor in 0.51 ms, found 3 plugins.
Preloading 0 native plugins for Editor in 0.00 ms.
Invoked RoslynAnalysisRunner static constructor.
RoslynAnalysisRunner will not be running.
RoslynAnalysisRunner has terminated.
Mono: successfully reloaded assembly
- Completed reload, in  1.396 seconds
Platform modules already initialized, skipping
Refreshing native plugins compatible for Editor in 0.53 ms, found 3 plugins.
Preloading 0 native plugins for Editor in 0.00 ms.
Unloading 1159 Unused Serialized files (Serialized files now loaded: 0)
System memory in use before: 154.5 MB.
System memory in use after: 154.6 MB.

Unloading 11 unused Assets to reduce memory usage. Loaded Objects now: 1686.
Total: 2.359353 ms (FindLiveObjects: 0.287097 ms CreateObjectMapping: 0.062227 ms MarkObjects: 1.980613 ms  DeleteObjects: 0.025350 ms)

========================================================================
Received Prepare
Registering precompiled user dll's ...
Registered in 0.001103 seconds.
Begin MonoManager ReloadAssembly
Native extension for OSXStandalone target not found
Refreshing native plugins compatible for Editor in 0.57 ms, found 3 plugins.
Preloading 0 native plugins for Editor in 0.00 ms.
Invoked RoslynAnalysisRunner static constructor.
RoslynAnalysisRunner will not be running.
RoslynAnalysisRunner has terminated.
Mono: successfully reloaded assembly
- Completed reload, in  1.577 seconds
Platform modules already initialized, skipping
Refreshing native plugins compatible for Editor in 0.53 ms, found 3 plugins.
Preloading 0 native plugins for Editor in 0.00 ms.
Unloading 1159 Unused Serialized files (Serialized files now loaded: 0)
System memory in use before: 154.7 MB.
System memory in use after: 154.8 MB.

Unloading 11 unused Assets to reduce memory usage. Loaded Objects now: 1689.
Total: 2.665077 ms (FindLiveObjects: 0.368066 ms CreateObjectMapping: 0.064805 ms MarkObjects: 2.201792 ms  DeleteObjects: 0.027484 ms)

========================================================================
Received Prepare
Registering precompiled user dll's ...
Registered in 0.002904 seconds.
Begin MonoManager ReloadAssembly
Native extension for OSXStandalone target not found
Refreshing native plugins compatible for Editor in 0.54 ms, found 3 plugins.
Preloading 0 native plugins for Editor in 0.00 ms.
Invoked RoslynAnalysisRunner static constructor.
RoslynAnalysisRunner will not be running.
RoslynAnalysisRunner has terminated.
Mono: successfully reloaded assembly
- Completed reload, in  1.567 seconds
Platform modules already initialized, skipping
Refreshing native plugins compatible for Editor in 0.51 ms, found 3 plugins.
Preloading 0 native plugins for Editor in 0.00 ms.
Unloading 1159 Unused Serialized files (Serialized files now loaded: 0)
System memory in use before: 154.9 MB.
System memory in use after: 155.0 MB.

Unloading 11 unused Assets to reduce memory usage. Loaded Objects now: 1692.
Total: 2.490701 ms (FindLiveObjects: 0.355334 ms CreateObjectMapping: 0.067053 ms MarkObjects: 2.046356 ms  DeleteObjects: 0.020165 ms)

========================================================================
Received Prepare
Registering precompiled user dll's ...
Registered in 0.003953 seconds.
Begin MonoManager ReloadAssembly
Native extension for OSXStandalone target not found
Refreshing native plugins compatible for Editor in 0.50 ms, found 3 plugins.
Preloading 0 native plugins for Editor in 0.00 ms.
Invoked RoslynAnalysisRunner static constructor.
RoslynAnalysisRunner will not be running.
RoslynAnalysisRunner has terminated.
Mono: successfully reloaded assembly
- Completed reload, in  1.547 seconds
Platform modules already initialized, skipping
Refreshing native plugins compatible for Editor in 0.52 ms, found 3 plugins.
Preloading 0 native plugins for Editor in 0.00 ms.
Unloading 1159 Unused Serialized files (Serialized files now loaded: 0)
System memory in use before: 155.1 MB.
System memory in use after: 155.2 MB.

Unloading 11 unused Assets to reduce memory usage. Loaded Objects now: 1695.
Total: 2.180062 ms (FindLiveObjects: 0.273933 ms CreateObjectMapping: 0.051010 ms MarkObjects: 1.825354 ms  DeleteObjects: 0.026791 ms)

========================================================================
Received Prepare
Registering precompiled user dll's ...
Registered in 0.001120 seconds.
Begin MonoManager ReloadAssembly
Native extension for OSXStandalone target not found
Refreshing native plugins compatible for Editor in 0.50 ms, found 3 plugins.
Preloading 0 native plugins for Editor in 0.00 ms.
Invoked RoslynAnalysisRunner static constructor.
RoslynAnalysisRunner will not be running.
RoslynAnalysisRunner has terminated.
Mono: successfully reloaded assembly
- Completed reload, in  1.663 seconds
Platform modules already initialized, skipping
Refreshing native plugins compatible for Editor in 0.52 ms, found 3 plugins.
Preloading 0 native plugins for Editor in 0.00 ms.
Unloading 1159 Unused Serialized files (Serialized files now loaded: 0)
System memory in use before: 155.3 MB.
System memory in use after: 155.4 MB.

Unloading 11 unused Assets to reduce memory usage. Loaded Objects now: 1698.
Total: 2.397898 ms (FindLiveObjects: 0.361786 ms CreateObjectMapping: 0.054545 ms MarkObjects: 1.932141 ms  DeleteObjects: 0.032548 ms)

========================================================================
Received Prepare
Registering precompiled user dll's ...
Registered in 0.002284 seconds.
Begin MonoManager ReloadAssembly
Native extension for OSXStandalone target not found
Refreshing native plugins compatible for Editor in 0.58 ms, found 3 plugins.
Preloading 0 native plugins for Editor in 0.00 ms.
Invoked RoslynAnalysisRunner static constructor.
RoslynAnalysisRunner will not be running.
RoslynAnalysisRunner has terminated.
Mono: successfully reloaded assembly
- Completed reload, in  1.387 seconds
Platform modules already initialized, skipping
Refreshing native plugins compatible for Editor in 0.49 ms, found 3 plugins.
Preloading 0 native plugins for Editor in 0.00 ms.
Unloading 1159 Unused Serialized files (Serialized files now loaded: 0)
System memory in use before: 155.4 MB.
System memory in use after: 155.6 MB.

Unloading 11 unused Assets to reduce memory usage. Loaded Objects now: 1701.
Total: 2.421674 ms (FindLiveObjects: 0.270900 ms CreateObjectMapping: 0.064992 ms MarkObjects: 2.061445 ms  DeleteObjects: 0.022502 ms)

========================================================================
Received Prepare
Registering precompiled user dll's ...
Registered in 0.005880 seconds.
Begin MonoManager ReloadAssembly
Native extension for OSXStandalone target not found
Refreshing native plugins compatible for Editor in 0.54 ms, found 3 plugins.
Preloading 0 native plugins for Editor in 0.00 ms.
Invoked RoslynAnalysisRunner static constructor.
RoslynAnalysisRunner will not be running.
RoslynAnalysisRunner has terminated.
Mono: successfully reloaded assembly
- Completed reload, in  2.685 seconds
Platform modules already initialized, skipping
Refreshing native plugins compatible for Editor in 0.84 ms, found 3 plugins.
Preloading 0 native plugins for Editor in 0.00 ms.
Unloading 1159 Unused Serialized files (Serialized files now loaded: 0)
System memory in use before: 155.6 MB.
System memory in use after: 155.7 MB.

Unloading 11 unused Assets to reduce memory usage. Loaded Objects now: 1704.
Total: 12.749544 ms (FindLiveObjects: 2.285722 ms CreateObjectMapping: 0.200027 ms MarkObjects: 10.201073 ms  DeleteObjects: 0.059943 ms)

========================================================================
Received Prepare
Registering precompiled user dll's ...
Registered in 0.002635 seconds.
Begin MonoManager ReloadAssembly
Native extension for OSXStandalone target not found
Refreshing native plugins compatible for Editor in 0.58 ms, found 3 plugins.
Preloading 0 native plugins for Editor in 0.00 ms.
Invoked RoslynAnalysisRunner static constructor.
RoslynAnalysisRunner will not be running.
RoslynAnalysisRunner has terminated.
Mono: successfully reloaded assembly
- Completed reload, in  1.870 seconds
Platform modules already initialized, skipping
Refreshing native plugins compatible for Editor in 0.52 ms, found 3 plugins.
Preloading 0 native plugins for Editor in 0.00 ms.
Unloading 1159 Unused Serialized files (Serialized files now loaded: 0)
System memory in use before: 155.8 MB.
System memory in use after: 155.9 MB.

Unloading 11 unused Assets to reduce memory usage. Loaded Objects now: 1707.
Total: 2.557872 ms (FindLiveObjects: 0.358835 ms CreateObjectMapping: 0.057788 ms MarkObjects: 2.108474 ms  DeleteObjects: 0.030812 ms)

